Date: [2019-01-19T22:19:36.670Z] info: HTTP GET /
Date: [2019-01-19T22:19:36.688Z] info: HTTP GET /stylesheets/style.css
Date: [2019-01-19T22:19:45.015Z] info: HTTP GET /news
Date: [2019-01-19T22:22:23.189Z] info: HTTP GET /news/3213
Date: [2019-01-19T22:22:40.517Z] info: HTTP POST /news
Date: [2019-01-19T22:22:47.281Z] info: HTTP DELETE /news
Date: [2019-01-19T22:22:52.249Z] info: HTTP DELETE /news/123
Date: [2019-01-19T22:22:56.040Z] info: HTTP PUT /news/123
Date: [2019-01-19T22:23:02.585Z] info: HTTP GET /news/67867
Date: [2019-01-20T10:16:23.169Z] info: HTTP GET /
Date: [2019-01-20T10:16:23.200Z] info: HTTP GET /stylesheets/style.css
Date: [2019-01-20T10:16:23.346Z] info: HTTP GET /favicon.ico
Date: [2019-01-20T10:16:29.039Z] info: HTTP GET /news
Date: [2019-01-20T10:16:33.511Z] info: HTTP GET /news/123
Date: [2019-01-27T14:47:38.113Z] info: HTTP GET /
Date: [2019-01-27T14:47:38.162Z] info: HTTP GET /stylesheets/style.css
Date: [2019-01-27T14:47:38.293Z] info: HTTP GET /favicon.ico
Date: [2019-01-27T14:47:43.995Z] info: HTTP GET /news
Date: [2019-01-27T14:52:41.418Z] info: HTTP POST /news/67867
Date: [2019-01-27T14:58:02.905Z] info: HTTP POST /news/67867?title=title&content=content
Date: [2019-01-27T14:58:09.916Z] info: HTTP POST /news/?title=title&content=content
Date: [2019-01-27T14:58:28.287Z] info: HTTP POST /news/?title=title1&content=content1
Date: [2019-01-27T15:00:58.472Z] info: HTTP POST /news/
Date: [2019-01-27T15:01:59.262Z] info: HTTP POST /news/
Date: [2019-01-27T15:02:37.164Z] info: HTTP POST /news/
Date: [2019-01-27T15:03:01.853Z] info: HTTP GET /news
Date: [2019-01-27T15:12:15.965Z] info: HTTP POST /news/
Date: [2019-01-27T15:12:52.237Z] info: HTTP POST /news/
Date: [2019-01-27T15:13:17.002Z] info: HTTP POST /news/
Date: [2019-01-27T15:16:14.423Z] info: HTTP GET /news
Date: [2019-01-27T15:23:46.572Z] info: HTTP POST /news/
Date: [2019-01-27T15:24:06.758Z] info: HTTP GET /news/5c4dcd0238ee6835f09f545d
Date: [2019-01-27T15:41:21.218Z] info: HTTP GET /news/5c4dcd0238ee6835f09f545d
Date: [2019-01-27T15:41:21.960Z] info: HTTP GET /news/5c4dcd0238ee6835f09f545d
Date: [2019-01-27T15:41:22.428Z] info: HTTP GET /news/5c4dcd0238ee6835f09f545d
Date: [2019-01-27T15:42:52.112Z] info: HTTP POST /news
Date: [2019-01-27T15:44:33.479Z] info: HTTP GET /news
Date: [2019-01-27T15:58:47.711Z] info: HTTP GET /news/5c4dd17c6fb9cb0390cae8e4?=5c4dd17c6fb9cb0390cae8e4
Date: [2019-01-27T16:01:16.988Z] info: HTTP PUT /news/5c4dd17c6fb9cb0390cae8e4
Date: [2019-01-27T16:02:59.813Z] info: HTTP PUT /news/5c4dd17c6fb9cb0390cae8e4
Date: [2019-01-27T16:05:08.125Z] info: HTTP DELETE /news/5c4dd17c6fb9cb0390cae8e4
Date: [2019-02-02T20:22:12.425Z] info: HTTP GET /
Date: [2019-02-02T20:22:12.613Z] info: HTTP GET /stylesheets/style.css
Date: [2019-02-02T20:22:12.741Z] info: HTTP GET /favicon.ico
Date: [2019-02-02T20:22:17.931Z] info: HTTP GET /news
Date: [2019-02-02T20:22:33.534Z] info: HTTP GET /news/5c4dca8cfab794354c65035b
Date: [2019-02-02T20:23:56.295Z] info: HTTP GET /
Date: [2019-02-02T22:34:51.476Z] info: HTTP GET /
Date: [2019-02-02T22:34:54.576Z] info: HTTP GET /favicon.ico
Date: [2019-02-03T12:32:34.298Z] info: HTTP GET /
Date: [2019-02-03T12:32:36.398Z] info: HTTP GET /favicon.ico
Date: [2019-02-03T12:32:54.049Z] info: HTTP GET /news
Date: [2019-02-03T12:33:01.696Z] info: HTTP GET /news/5c4dcd0238ee6835f09f545d
Date: [2019-02-03T13:50:33.793Z] info: HTTP POST /register
Date: [2019-02-03T13:51:23.414Z] info: HTTP POST /register
Date: [2019-02-03T13:53:00.369Z] info: HTTP POST /register
Date: [2019-02-03T13:53:44.548Z] info: HTTP POST /register
Date: [2019-02-03T13:54:16.462Z] info: HTTP POST /register
Date: [2019-02-03T13:54:30.159Z] info: HTTP POST /register
Date: [2019-02-03T13:55:45.273Z] info: HTTP POST /register
Date: [2019-02-03T13:56:40.628Z] info: HTTP POST /register
Date: [2019-02-03T13:56:40.638Z] info: HTTP GET /
Date: [2019-02-03T13:59:37.107Z] info: HTTP POST /login
Date: [2019-02-03T13:59:41.366Z] info: HTTP POST /login
Date: [2019-02-03T13:59:41.370Z] info: HTTP GET /
Date: [2019-02-03T14:02:25.728Z] info: HTTP PUT /news/5c4dca8cfab794354c65035b
Date: [2019-02-03T14:02:50.713Z] info: HTTP POST /login
Date: [2019-02-03T14:02:50.720Z] info: HTTP GET /
Date: [2019-02-03T14:03:03.355Z] info: HTTP PUT /news/5c4dca8cfab794354c65035b
Date: [2019-02-03T14:06:22.122Z] info: HTTP PUT /news/5c4dca8cfab794354c65035b
Date: [2019-02-03T14:06:39.215Z] info: HTTP POST /login
Date: [2019-02-03T14:06:39.222Z] info: HTTP GET /
Date: [2019-02-03T14:06:48.632Z] info: HTTP PUT /news/5c4dca8cfab794354c65035b
Date: [2019-02-03T14:08:37.468Z] info: HTTP PUT /news/5c4dca8cfab794354c65035b
Date: [2019-02-03T14:15:57.743Z] info: HTTP PUT /news/5c4dca8cfab794354c65035b
Date: [2019-02-03T14:16:40.515Z] info: HTTP POST /login
Date: [2019-02-03T14:16:40.525Z] info: HTTP GET /
Date: [2019-02-03T14:17:00.014Z] info: HTTP POST /register
Date: [2019-02-03T14:17:43.469Z] info: HTTP POST /register
Date: [2019-02-03T14:18:42.359Z] info: HTTP POST /register
Date: [2019-02-03T14:18:42.363Z] info: HTTP GET /
Date: [2019-02-03T14:19:15.308Z] info: HTTP POST /register
Date: [2019-02-03T14:19:15.317Z] info: HTTP GET /
Date: [2019-02-03T14:19:48.273Z] info: HTTP PUT /news/5c4dcd0238ee6835f09f545d
Date: [2019-02-03T14:20:26.054Z] info: HTTP PUT /news/5c4dcd0238ee6835f09f545d
Date: [2019-02-03T14:20:57.824Z] info: HTTP POST /register
Date: [2019-02-03T14:20:57.831Z] info: HTTP GET /
Date: [2019-02-03T14:21:48.035Z] info: HTTP DELETE /news/5c4dcd0238ee6835f09f545d
Date: [2019-02-03T14:22:37.954Z] info: HTTP DELETE /news/5c4dcd0238ee6835f09f545d
Date: [2019-02-03T14:22:49.317Z] info: HTTP DELETE /news/5c4dcd0238ee6835f09f545d
Date: [2019-02-03T14:23:11.382Z] info: HTTP DELETE /news/5c4dcd0238ee6835f09f545d
Date: [2019-02-03T14:23:55.400Z] info: HTTP DELETE /news/5c4dcd0238ee6835f09f545d
Date: [2019-02-03T14:24:30.792Z] info: HTTP DELETE /news/5c4dcd0238ee6835f09f545d
Date: [2019-02-03T14:24:50.619Z] info: HTTP POST /register
Date: [2019-02-03T14:24:50.627Z] info: HTTP GET /
Date: [2019-02-03T14:25:06.217Z] info: HTTP PUT /news/5c4dcd0238ee6835f09f545d
Date: [2019-02-03T14:26:10.981Z] info: HTTP POST /news
Date: [2019-02-03T14:26:45.983Z] info: HTTP GET /news
Date: [2019-02-03T14:26:59.744Z] info: HTTP DELETE /news/5c4dca8cfab794354c65035b
